<?xml version="1.0" encoding="UTF-8"?>
<!-- Generated by org.testng.reporters.JUnitXMLReporter -->
<testsuite hostname="Alkesh-PC" ignored="1" name="Default test" tests="1" failures="0" timestamp="09 Feb 2020 19:56:35 GMT" time="101.621" errors="0">
  <testcase name="verifyLogin" time="70.486" classname="com.nopcommerce.TestCases.LoginTest"/>
  <testcase name="verifyLoginByDD" time="0.0" classname="com.nopcommerce.TestCases.LoginTest">
    <ignored/>
  </testcase> <!-- verifyLoginByDD -->
</testsuite> <!-- Default test -->
