<?xml version="1.0" encoding="UTF-8"?>
<testng-results skipped="0" failed="0" ignored="1" total="2" passed="1">
  <reporter-output>
  </reporter-output>
  <suite name="Default suite" duration-ms="101621" started-at="2020-02-09T19:54:53Z" finished-at="2020-02-09T19:56:34Z">
    <groups>
    </groups>
    <test name="Default test" duration-ms="101621" started-at="2020-02-09T19:54:53Z" finished-at="2020-02-09T19:56:34Z">
      <class name="com.nopcommerce.TestCases.LoginTest">
        <test-method status="PASS" signature="setUp()[pri:0, instance:com.nopcommerce.TestCases.LoginTest@1717824]" name="setUp" is-config="true" duration-ms="30107" started-at="2020-02-10T01:24:53Z" finished-at="2020-02-10T01:25:23Z">
          <reporter-output>
          </reporter-output>
        </test-method> <!-- setUp -->
        <test-method status="PASS" signature="verifyLogin()[pri:1, instance:com.nopcommerce.TestCases.LoginTest@1717824]" name="verifyLogin" duration-ms="70486" started-at="2020-02-10T01:25:23Z" finished-at="2020-02-10T01:26:33Z">
          <reporter-output>
          </reporter-output>
        </test-method> <!-- verifyLogin -->
        <test-method status="PASS" signature="tearDown()[pri:0, instance:com.nopcommerce.TestCases.LoginTest@1717824]" name="tearDown" is-config="true" duration-ms="980" started-at="2020-02-10T01:26:33Z" finished-at="2020-02-10T01:26:34Z">
          <reporter-output>
          </reporter-output>
        </test-method> <!-- tearDown -->
      </class> <!-- com.nopcommerce.TestCases.LoginTest -->
    </test> <!-- Default test -->
  </suite> <!-- Default suite -->
</testng-results>
